<?xml version="1.0" encoding="UTF-8"?>
<!-- Generated by org.testng.reporters.JUnitReportReporter -->
<testsuite hostname="admin-PC" failures="0" tests="3" name="com.mystore.testcases.TC_MyAccountPageTestDataDriven" time="81.141" errors="0" timestamp="2024-06-04T14:18:13 IST" skipped="0">
  <testcase classname="com.mystore.testcases.TC_MyAccountPageTestDataDriven" name="verifyAccount" time="32.367"/>
  <testcase classname="com.mystore.testcases.TC_MyAccountPageTestDataDriven" name="verifyAccount" time="25.009"/>
  <testcase classname="com.mystore.testcases.TC_MyAccountPageTestDataDriven" name="verifyAccount" time="23.765"/>
</testsuite> <!-- com.mystore.testcases.TC_MyAccountPageTestDataDriven -->
