<?xml version="1.0" encoding="UTF-8"?>
<!-- Generated by org.testng.reporters.JUnitReportReporter -->
<testsuite hostname="admin-PC" failures="0" tests="3" name="com.mystore.testcases.TC_MyAccountPageTestDataDriven" time="81.223" errors="0" timestamp="2024-06-04T14:27:03 IST" skipped="0">
  <testcase classname="com.mystore.testcases.TC_MyAccountPageTestDataDriven" name="verifyAccount" time="31.720"/>
  <testcase classname="com.mystore.testcases.TC_MyAccountPageTestDataDriven" name="verifyAccount" time="20.025"/>
  <testcase classname="com.mystore.testcases.TC_MyAccountPageTestDataDriven" name="verifyAccount" time="29.478"/>
</testsuite> <!-- com.mystore.testcases.TC_MyAccountPageTestDataDriven -->
